[debug] [2021-04-22T23:34:39.140Z] ----------------------------------------------------------------------
[debug] [2021-04-22T23:34:39.142Z] Command:       C:\Program Files\nodejs\node.exe C:\Users\ppalak\AppData\Roaming\npm\node_modules\firebase-tools\lib\bin\firebase.js init
[debug] [2021-04-22T23:34:39.143Z] CLI Version:   9.10.0
[debug] [2021-04-22T23:34:39.143Z] Platform:      win32
[debug] [2021-04-22T23:34:39.143Z] Node Version:  v14.16.1
[debug] [2021-04-22T23:34:39.146Z] Time:          Fri Apr 23 2021 02:34:39 GMT+0300 (Eastern European Summer Time)
[debug] [2021-04-22T23:34:39.146Z] ----------------------------------------------------------------------
[debug] 
[debug] [2021-04-22T23:34:39.159Z] > command requires scopes: ["email","openid","https://www.googleapis.com/auth/cloudplatformprojects.readonly","https://www.googleapis.com/auth/firebase","https://www.googleapis.com/auth/cloud-platform"]
[debug] [2021-04-22T23:34:39.160Z] > authorizing via signed-in user (palakarora2417@gmail.com)
[info] 
     ######## #### ########  ######## ########     ###     ######  ########
     ##        ##  ##     ## ##       ##     ##  ##   ##  ##       ##
     ######    ##  ########  ######   ########  #########  ######  ######
     ##        ##  ##    ##  ##       ##     ## ##     ##       ## ##
     ##       #### ##     ## ######## ########  ##     ##  ######  ########

You're about to initialize a Firebase project in this directory:

  C:\Users\ppalak\Downloads\demo

[info] 
=== Project Setup
[info] 
[info] First, let's associate this project directory with a Firebase project.
[info] You can create multiple project aliases by running firebase use --add, 
[info] but for now we'll just set up a default project.
[info] 
[debug] [2021-04-22T23:35:00.312Z] >>> [apiv2][query] GET https://firebase.googleapis.com/v1beta1/projects pageSize=100
[debug] [2021-04-22T23:35:00.803Z] <<< [apiv2][status] GET https://firebase.googleapis.com/v1beta1/projects 200
[debug] [2021-04-22T23:35:00.803Z] <<< [apiv2][body] GET https://firebase.googleapis.com/v1beta1/projects [omitted]
[info] i  Using project myhelsinki2021 (MyHelsinki2021) 
[info] 
=== Hosting Setup
[info] 
[info] Your public directory is the folder (relative to your project directory) that
[info] will contain Hosting assets to be uploaded with firebase deploy. If you
[info] have a build process for your assets, use your build's output directory.
[info] 
